u:\desktop\gec\gec ica 2 - ryan jones p4019410\gec\hapi_start\x64\release\vc141.pdb
u:\desktop\gec\gec ica 2 - ryan jones p4019410\gec\hapi_start\x64\release\world.obj
u:\desktop\gec\gec ica 2 - ryan jones p4019410\gec\hapi_start\x64\release\wall.obj
u:\desktop\gec\gec ica 2 - ryan jones p4019410\gec\hapi_start\x64\release\visualisation.obj
u:\desktop\gec\gec ica 2 - ryan jones p4019410\gec\hapi_start\x64\release\sprite.obj
u:\desktop\gec\gec ica 2 - ryan jones p4019410\gec\hapi_start\x64\release\rectangle.obj
u:\desktop\gec\gec ica 2 - ryan jones p4019410\gec\hapi_start\x64\release\player.obj
u:\desktop\gec\gec ica 2 - ryan jones p4019410\gec\hapi_start\x64\release\main.obj
u:\desktop\gec\gec ica 2 - ryan jones p4019410\gec\hapi_start\x64\release\explosion.obj
u:\desktop\gec\gec ica 2 - ryan jones p4019410\gec\hapi_start\x64\release\entity.obj
u:\desktop\gec\gec ica 2 - ryan jones p4019410\gec\hapi_start\x64\release\enemy.obj
u:\desktop\gec\gec ica 2 - ryan jones p4019410\gec\hapi_start\x64\release\bullet.obj
u:\desktop\gec\gec ica 2 - ryan jones p4019410\gec\hapi_start\x64\release\boss.obj
u:\desktop\gec\gec ica 2 - ryan jones p4019410\gec\hapi_start\x64\release\background.obj
u:\desktop\gec\gec ica 2 - ryan jones p4019410\gec\x64\release\hapi_start.exe
u:\desktop\gec\gec ica 2 - ryan jones p4019410\gec\x64\release\hapi_start.pdb
u:\desktop\gec\gec ica 2 - ryan jones p4019410\gec\x64\release\hapi_start.lib
u:\desktop\gec\gec ica 2 - ryan jones p4019410\gec\x64\release\hapi_start.exp
u:\desktop\gec\gec ica 2 - ryan jones p4019410\gec\hapi_start\x64\release\hapi_start.tlog\cl.read.1.tlog
u:\desktop\gec\gec ica 2 - ryan jones p4019410\gec\hapi_start\x64\release\hapi_start.tlog\cl.write.1.tlog
u:\desktop\gec\gec ica 2 - ryan jones p4019410\gec\hapi_start\x64\release\hapi_start.tlog\cl.command.1.tlog
u:\desktop\gec\gec ica 2 - ryan jones p4019410\gec\hapi_start\x64\release\hapi_start.tlog\link.read.1.tlog
u:\desktop\gec\gec ica 2 - ryan jones p4019410\gec\hapi_start\x64\release\hapi_start.tlog\link.write.1.tlog
u:\desktop\gec\gec ica 2 - ryan jones p4019410\gec\hapi_start\x64\release\hapi_start.tlog\link.command.1.tlog
u:\desktop\gec\gec ica 2 - ryan jones p4019410\gec\hapi_start\x64\release\hapi_start.tlog\hapi_start.write.1u.tlog
